<?xml version="1.0" encoding="UTF-8"?>
<testng-results ignored="0" total="1" passed="1" failed="0" skipped="0">
  <reporter-output>
  </reporter-output>
  <suite started-at="2023-09-30T15:56:02 PDT" name="Default suite" finished-at="2023-09-30T15:56:13 PDT" duration-ms="11527">
    <groups>
      <group name="cucumber">
        <method signature="AbstractTestNGCucumberTests.runScenario(io.cucumber.testng.PickleWrapper,io.cucumber.testng.FeatureWrapper)[pri:0, instance:stepdefinitions.RunnerTestNG@6f53b8a]" name="runScenario" class="io.cucumber.testng.AbstractTestNGCucumberTests"/>
      </group> <!-- cucumber -->
    </groups>
    <test started-at="2023-09-30T15:56:02 PDT" name="Default test" finished-at="2023-09-30T15:56:13 PDT" duration-ms="11527">
      <class name="stepdefinitions.RunnerTestNG">
        <test-method is-config="true" signature="setUpClass(org.testng.ITestContext)[pri:0, instance:stepdefinitions.RunnerTestNG@6f53b8a]" started-at="2023-09-30T15:56:02 PDT" name="setUpClass" finished-at="2023-09-30T15:56:03 PDT" duration-ms="871" status="PASS">
          <params>
            <param index="0">
              <value>
                <![CDATA[org.testng.TestRunner@5ed5b321]]>
              </value>
            </param>
          </params>
          <reporter-output>
          </reporter-output>
        </test-method> <!-- setUpClass -->
        <test-method signature="runScenario(io.cucumber.testng.PickleWrapper,io.cucumber.testng.FeatureWrapper)[pri:0, instance:stepdefinitions.RunnerTestNG@6f53b8a]" started-at="2023-09-30T15:56:03 PDT" name="runScenario" description="Runs Cucumber Scenarios" data-provider="scenarios" finished-at="2023-09-30T15:56:13 PDT" duration-ms="10497" status="PASS">
          <params>
            <param index="0">
              <value>
                <![CDATA["Validate login with correct credentials."]]>
              </value>
            </param>
            <param index="1">
              <value>
                <![CDATA["Login"]]>
              </value>
            </param>
          </params>
          <reporter-output>
          </reporter-output>
        </test-method> <!-- runScenario -->
        <test-method is-config="true" signature="tearDownClass()[pri:0, instance:stepdefinitions.RunnerTestNG@6f53b8a]" started-at="2023-09-30T15:56:13 PDT" name="tearDownClass" finished-at="2023-09-30T15:56:13 PDT" duration-ms="85" status="PASS">
          <reporter-output>
          </reporter-output>
        </test-method> <!-- tearDownClass -->
      </class> <!-- stepdefinitions.RunnerTestNG -->
    </test> <!-- Default test -->
  </suite> <!-- Default suite -->
</testng-results>
